<?xml version="1.0" encoding="UTF-8"?>
<!-- Generated by org.testng.reporters.JUnitXMLReporter -->
<testsuite ignored="0" hostname="workStation-2" failures="0" tests="3" name="Default test" time="0.163" errors="0" timestamp="2024-02-08T20:40:53 BDT">
  <testcase classname="webautomationv1.testNGExxamples" name="testExample2" time="0.02"/>
  <testcase classname="webautomationv1.testNGExxamples" name="testExample" time="0.003"/>
  <testcase classname="webautomationv1.testNGExxamples" name="testExample3" time="0.003"/>
</testsuite> <!-- Default test -->
