<?xml version="1.0" encoding="UTF-8"?>
<testng-results ignored="0" total="3" passed="3" failed="0" skipped="0">
  <reporter-output>
  </reporter-output>
  <suite started-at="2024-02-08T20:40:53 BDT" name="Default suite" finished-at="2024-02-08T20:40:53 BDT" duration-ms="163">
    <groups>
    </groups>
    <test started-at="2024-02-08T20:40:53 BDT" name="Default test" finished-at="2024-02-08T20:40:53 BDT" duration-ms="163">
      <class name="webautomationv1.testNGExxamples">
        <test-method is-config="true" signature="beforeSuiteEx()[pri:0, instance:webautomationv1.testNGExxamples@3f4faf53]" started-at="2024-02-08T20:40:53 BDT" name="beforeSuiteEx" finished-at="2024-02-08T20:40:53 BDT" duration-ms="45" status="PASS">
          <reporter-output>
          </reporter-output>
        </test-method> <!-- beforeSuiteEx -->
        <test-method is-config="true" signature="beforeTestEx()[pri:0, instance:webautomationv1.testNGExxamples@3f4faf53]" started-at="2024-02-08T20:40:53 BDT" name="beforeTestEx" finished-at="2024-02-08T20:40:53 BDT" duration-ms="0" status="PASS">
          <reporter-output>
          </reporter-output>
        </test-method> <!-- beforeTestEx -->
        <test-method is-config="true" signature="beforeClassEx()[pri:0, instance:webautomationv1.testNGExxamples@3f4faf53]" started-at="2024-02-08T20:40:53 BDT" name="beforeClassEx" finished-at="2024-02-08T20:40:53 BDT" duration-ms="1" status="PASS">
          <reporter-output>
          </reporter-output>
        </test-method> <!-- beforeClassEx -->
        <test-method is-config="true" signature="beforeMethodEx()[pri:0, instance:webautomationv1.testNGExxamples@3f4faf53]" started-at="2024-02-08T20:40:53 BDT" name="beforeMethodEx" finished-at="2024-02-08T20:40:53 BDT" duration-ms="1" status="PASS">
          <reporter-output>
          </reporter-output>
        </test-method> <!-- beforeMethodEx -->
        <test-method signature="testExample2()[pri:0, instance:webautomationv1.testNGExxamples@3f4faf53]" started-at="2024-02-08T20:40:53 BDT" name="testExample2" finished-at="2024-02-08T20:40:53 BDT" duration-ms="20" status="PASS">
          <reporter-output>
          </reporter-output>
        </test-method> <!-- testExample2 -->
        <test-method is-config="true" signature="afterMethodEx()[pri:0, instance:webautomationv1.testNGExxamples@3f4faf53]" started-at="2024-02-08T20:40:53 BDT" name="afterMethodEx" finished-at="2024-02-08T20:40:53 BDT" duration-ms="1" status="PASS">
          <reporter-output>
          </reporter-output>
        </test-method> <!-- afterMethodEx -->
        <test-method signature="testExample()[pri:1, instance:webautomationv1.testNGExxamples@3f4faf53]" started-at="2024-02-08T20:40:53 BDT" name="testExample" finished-at="2024-02-08T20:40:53 BDT" duration-ms="3" status="PASS">
          <reporter-output>
          </reporter-output>
        </test-method> <!-- testExample -->
        <test-method is-config="true" signature="beforeMethodEx()[pri:0, instance:webautomationv1.testNGExxamples@3f4faf53]" started-at="2024-02-08T20:40:53 BDT" name="beforeMethodEx" finished-at="2024-02-08T20:40:53 BDT" duration-ms="0" status="PASS">
          <reporter-output>
          </reporter-output>
        </test-method> <!-- beforeMethodEx -->
        <test-method is-config="true" signature="afterMethodEx()[pri:0, instance:webautomationv1.testNGExxamples@3f4faf53]" started-at="2024-02-08T20:40:53 BDT" name="afterMethodEx" finished-at="2024-02-08T20:40:53 BDT" duration-ms="1" status="PASS">
          <reporter-output>
          </reporter-output>
        </test-method> <!-- afterMethodEx -->
        <test-method signature="testExample3()[pri:2, instance:webautomationv1.testNGExxamples@3f4faf53]" started-at="2024-02-08T20:40:53 BDT" name="testExample3" finished-at="2024-02-08T20:40:53 BDT" duration-ms="3" status="PASS">
          <reporter-output>
          </reporter-output>
        </test-method> <!-- testExample3 -->
        <test-method is-config="true" signature="beforeMethodEx()[pri:0, instance:webautomationv1.testNGExxamples@3f4faf53]" started-at="2024-02-08T20:40:53 BDT" name="beforeMethodEx" finished-at="2024-02-08T20:40:53 BDT" duration-ms="0" status="PASS">
          <reporter-output>
          </reporter-output>
        </test-method> <!-- beforeMethodEx -->
        <test-method is-config="true" signature="afterMethodEx()[pri:0, instance:webautomationv1.testNGExxamples@3f4faf53]" started-at="2024-02-08T20:40:53 BDT" name="afterMethodEx" finished-at="2024-02-08T20:40:53 BDT" duration-ms="2" status="PASS">
          <reporter-output>
          </reporter-output>
        </test-method> <!-- afterMethodEx -->
        <test-method is-config="true" signature="afterClassEx()[pri:0, instance:webautomationv1.testNGExxamples@3f4faf53]" started-at="2024-02-08T20:40:53 BDT" name="afterClassEx" finished-at="2024-02-08T20:40:53 BDT" duration-ms="1" status="PASS">
          <reporter-output>
          </reporter-output>
        </test-method> <!-- afterClassEx -->
        <test-method is-config="true" signature="afterTestEx()[pri:0, instance:webautomationv1.testNGExxamples@3f4faf53]" started-at="2024-02-08T20:40:53 BDT" name="afterTestEx" finished-at="2024-02-08T20:40:53 BDT" duration-ms="0" status="PASS">
          <reporter-output>
          </reporter-output>
        </test-method> <!-- afterTestEx -->
        <test-method is-config="true" signature="afterSuiteEx()[pri:0, instance:webautomationv1.testNGExxamples@3f4faf53]" started-at="2024-02-08T20:40:53 BDT" name="afterSuiteEx" finished-at="2024-02-08T20:40:53 BDT" duration-ms="1" status="PASS">
          <reporter-output>
          </reporter-output>
        </test-method> <!-- afterSuiteEx -->
      </class> <!-- webautomationv1.testNGExxamples -->
    </test> <!-- Default test -->
  </suite> <!-- Default suite -->
</testng-results>
